<?xml version="1.0" encoding="UTF-8"?>
<testsuite xmlns:xsi="http://www.w3.org/2001/XMLSchema-instance" xsi:noNamespaceSchemaLocation="https://maven.apache.org/surefire/maven-surefire-plugin/xsd/surefire-test-report-3.0.xsd" version="3.0" name="Etsy Search feature" time="23.529" tests="3" errors="0" skipped="0" failures="0">
  <properties>
[...]
</properties>
  <testcase name="Title Verification" classname="Etsy Search feature" time="7.974">
    <system-out><![CDATA[Before annotation:Setting up Browser
Etsy title verification passed!
After annotation: Closing Browser
scenario.getName() = Title Verification
scenario.getSourceTagNames() = [@etsy, @etsyWip1]
scenario.isFailed() = false
]]></system-out>
    <system-err><![CDATA[SLF4J: Failed to load class "org.slf4j.impl.StaticLoggerBinder".
SLF4J: Defaulting to no-operation (NOP) logger implementation
SLF4J: See http://www.slf4j.org/codes.html#StaticLoggerBinder for further details.
Starting ChromeDriver 86.0.4240.22 (398b0743353ff36fb1b82468f63a3a93b4e2e89e-refs/branch-heads/4240@{#378}) on port 22246
Only local connections are allowed.
Please see https://chromedriver.chromium.org/security-considerations for suggestions on keeping ChromeDriver safe.
ChromeDriver was started successfully.
Nov 09, 2020 8:14:29 AM org.openqa.selenium.remote.ProtocolHandshake createSession
INFO: Detected dialect: W3C
]]></system-err>
  </testcase>
  <testcase name="Etsy Search Functionality Title Verification #1" classname="Etsy Search feature" time="7.941">
    <system-out><![CDATA[Before annotation:Setting up Browser
Etsy Search Title Verification Passed!
After annotation: Closing Browser
scenario.getName() = Etsy Search Functionality Title Verification
scenario.getSourceTagNames() = [@etsy, @etsyWip2]
scenario.isFailed() = false
]]></system-out>
    <system-err><![CDATA[Starting ChromeDriver 86.0.4240.22 (398b0743353ff36fb1b82468f63a3a93b4e2e89e-refs/branch-heads/4240@{#378}) on port 44156
Only local connections are allowed.
Please see https://chromedriver.chromium.org/security-considerations for suggestions on keeping ChromeDriver safe.
ChromeDriver was started successfully.
Nov 09, 2020 8:14:35 AM org.openqa.selenium.remote.ProtocolHandshake createSession
INFO: Detected dialect: W3C
]]></system-err>
  </testcase>
  <testcase name="Etsy Search Functionality Title Verification #2" classname="Etsy Search feature" time="7.614">
    <system-out><![CDATA[Before annotation:Setting up Browser
Google Search Title Verification Passed!
After annotation: Closing Browser
scenario.getName() = Etsy Search Functionality Title Verification
scenario.getSourceTagNames() = [@etsy, @etsyWip3]
scenario.isFailed() = false
]]></system-out>
    <system-err><![CDATA[Starting ChromeDriver 86.0.4240.22 (398b0743353ff36fb1b82468f63a3a93b4e2e89e-refs/branch-heads/4240@{#378}) on port 40892
Only local connections are allowed.
Please see https://chromedriver.chromium.org/security-considerations for suggestions on keeping ChromeDriver safe.
ChromeDriver was started successfully.
Nov 09, 2020 8:14:43 AM org.openqa.selenium.remote.ProtocolHandshake createSession
INFO: Detected dialect: W3C
]]></system-err>
  </testcase>
</testsuite>